# JRE version: OpenJDK Runtime Environment (7.0_79-b14) (build 1.7.0_79-b14)
# Java VM: OpenJDK Server VM (24.79-b02 mixed mode linux-x86 )
Heap
 PSYoungGen      total 68096K, used 68090K [0x9de00000, 0xa2300000, 0xb3380000)
  eden space 65536K, 100% used [0x9de00000,0xa1e00000,0xa1e00000)
  from space 2560K, 99% used [0xa2080000,0xa22fe850,0xa2300000)
  to   space 2560K, 98% used [0xa1e00000,0xa2078798,0xa2080000)
 ParOldGen       total 43008K, used 17548K [0x73380000, 0x75d80000, 0x9de00000)
  object space 43008K, 40% used [0x73380000,0x744a8000,0x75d80000)
 PSPermGen       total 16384K, used 5280K [0x6b380000, 0x6c380000, 0x73380000)
  object space 16384K, 32% used [0x6b380000,0x6b8a83e8,0x6c380000)
GC Heap History (9 events):
Event: 0.972 GC heap before
{Heap before GC invocations=1 (full 0):
 PSYoungGen      total 18944K, used 16384K [0x9de00000, 0x9f300000, 0xb3380000)
  eden space 16384K, 100% used [0x9de00000,0x9ee00000,0x9ee00000)
  from space 2560K, 0% used [0x9f080000,0x9f080000,0x9f300000)
  to   space 2560K, 0% used [0x9ee00000,0x9ee00000,0x9f080000)
 ParOldGen       total 43008K, used 0K [0x73380000, 0x75d80000, 0x9de00000)
  object space 43008K, 0% used [0x73380000,0x73380000,0x75d80000)
 PSPermGen       total 16384K, used 3605K [0x6b380000, 0x6c380000, 0x73380000)
  object space 16384K, 22% used [0x6b380000,0x6b7057c8,0x6c380000)
Event: 0.986 GC heap after
Heap after GC invocations=1 (full 0):
 PSYoungGen      total 18944K, used 2547K [0x9de00000, 0xa0300000, 0xb3380000)
  eden space 16384K, 0% used [0x9de00000,0x9de00000,0x9ee00000)
  from space 2560K, 99% used [0x9ee00000,0x9f07cf50,0x9f080000)
  to   space 2560K, 0% used [0xa0080000,0xa0080000,0xa0300000)
 ParOldGen       total 43008K, used 2019K [0x73380000, 0x75d80000, 0x9de00000)
  object space 43008K, 4% used [0x73380000,0x73578f78,0x75d80000)
 PSPermGen       total 16384K, used 3605K [0x6b380000, 0x6c380000, 0x73380000)
  object space 16384K, 22% used [0x6b380000,0x6b7057c8,0x6c380000)
}
Event: 1.528 GC heap before
{Heap before GC invocations=2 (full 0):
 PSYoungGen      total 18944K, used 18931K [0x9de00000, 0xa0300000, 0xb3380000)
  eden space 16384K, 100% used [0x9de00000,0x9ee00000,0x9ee00000)
  from space 2560K, 99% used [0x9ee00000,0x9f07cf50,0x9f080000)
  to   space 2560K, 0% used [0xa0080000,0xa0080000,0xa0300000)
 ParOldGen       total 43008K, used 2019K [0x73380000, 0x75d80000, 0x9de00000)
  object space 43008K, 4% used [0x73380000,0x73578f78,0x75d80000)
 PSPermGen       total 16384K, used 3768K [0x6b380000, 0x6c380000, 0x73380000)
  object space 16384K, 23% used [0x6b380000,0x6b72e210,0x6c380000)
Event: 1.545 GC heap after
Heap after GC invocations=2 (full 0):
 PSYoungGen      total 35328K, used 2545K [0x9de00000, 0xa0300000, 0xb3380000)
  eden space 32768K, 0% used [0x9de00000,0x9de00000,0x9fe00000)
  from space 2560K, 99% used [0xa0080000,0xa02fc5c0,0xa0300000)
  to   space 2560K, 0% used [0x9fe00000,0x9fe00000,0xa0080000)
 ParOldGen       total 43008K, used 4683K [0x73380000, 0x75d80000, 0x9de00000)
  object space 43008K, 10% used [0x73380000,0x73812d08,0x75d80000)
 PSPermGen       total 16384K, used 3768K [0x6b380000, 0x6c380000, 0x73380000)
  object space 16384K, 23% used [0x6b380000,0x6b72e210,0x6c380000)
}
Event: 2.866 GC heap before
{Heap before GC invocations=3 (full 0):
 PSYoungGen      total 35328K, used 35313K [0x9de00000, 0xa0300000, 0xb3380000)
  eden space 32768K, 100% used [0x9de00000,0x9fe00000,0x9fe00000)
  from space 2560K, 99% used [0xa0080000,0xa02fc5c0,0xa0300000)
  to   space 2560K, 0% used [0x9fe00000,0x9fe00000,0xa0080000)
 ParOldGen       total 43008K, used 4683K [0x73380000, 0x75d80000, 0x9de00000)
  object space 43008K, 10% used [0x73380000,0x73812d08,0x75d80000)
 PSPermGen       total 16384K, used 3806K [0x6b380000, 0x6c380000, 0x73380000)
  object space 16384K, 23% used [0x6b380000,0x6b737aa8,0x6c380000)
Event: 2.930 GC heap after
Heap after GC invocations=3 (full 0):
 PSYoungGen      total 35328K, used 2548K [0x9de00000, 0xa2300000, 0xb3380000)
  eden space 32768K, 0% used [0x9de00000,0x9de00000,0x9fe00000)
  from space 2560K, 99% used [0x9fe00000,0xa007d2b8,0xa0080000)
  to   space 2560K, 0% used [0xa2080000,0xa2080000,0xa2300000)
 ParOldGen       total 43008K, used 10587K [0x73380000, 0x75d80000, 0x9de00000)
  object space 43008K, 24% used [0x73380000,0x73dd6fa0,0x75d80000)
 PSPermGen       total 16384K, used 3806K [0x6b380000, 0x6c380000, 0x73380000)
  object space 16384K, 23% used [0x6b380000,0x6b737aa8,0x6c380000)
}
Event: 6.435 GC heap before
{Heap before GC invocations=4 (full 0):
 PSYoungGen      total 35328K, used 35316K [0x9de00000, 0xa2300000, 0xb3380000)
  eden space 32768K, 100% used [0x9de00000,0x9fe00000,0x9fe00000)
  from space 2560K, 99% used [0x9fe00000,0xa007d2b8,0xa0080000)
  to   space 2560K, 0% used [0xa2080000,0xa2080000,0xa2300000)
 ParOldGen       total 43008K, used 10587K [0x73380000, 0x75d80000, 0x9de00000)
  object space 43008K, 24% used [0x73380000,0x73dd6fa0,0x75d80000)
 PSPermGen       total 16384K, used 5229K [0x6b380000, 0x6c380000, 0x73380000)
  object space 16384K, 31% used [0x6b380000,0x6b89b598,0x6c380000)
Event: 6.466 GC heap after
Heap after GC invocations=4 (full 0):
 PSYoungGen      total 68096K, used 2554K [0x9de00000, 0xa2300000, 0xb3380000)
  eden space 65536K, 0% used [0x9de00000,0x9de00000,0xa1e00000)
  from space 2560K, 99% used [0xa2080000,0xa22fe850,0xa2300000)
  to   space 2560K, 0% used [0xa1e00000,0xa1e00000,0xa2080000)
 ParOldGen       total 43008K, used 17548K [0x73380000, 0x75d80000, 0x9de00000)
  object space 43008K, 40% used [0x73380000,0x744a3140,0x75d80000)
 PSPermGen       total 16384K, used 5229K [0x6b380000, 0x6c380000, 0x73380000)
  object space 16384K, 31% used [0x6b380000,0x6b89b598,0x6c380000)
}
Event: 9.124 GC heap before
{Heap before GC invocations=5 (full 0):
 PSYoungGen      total 68096K, used 68090K [0x9de00000, 0xa2300000, 0xb3380000)
  eden space 65536K, 100% used [0x9de00000,0xa1e00000,0xa1e00000)
  from space 2560K, 99% used [0xa2080000,0xa22fe850,0xa2300000)
  to   space 2560K, 0% used [0xa1e00000,0xa1e00000,0xa2080000)
 ParOldGen       total 43008K, used 17548K [0x73380000, 0x75d80000, 0x9de00000)
  object space 43008K, 40% used [0x73380000,0x744a3140,0x75d80000)
 PSPermGen       total 16384K, used 5280K [0x6b380000, 0x6c380000, 0x73380000)
  object space 16384K, 32% used [0x6b380000,0x6b8a83e8,0x6c380000)

